<?xml version="1.0" encoding="UTF-8"?>
<!-- Generated by org.testng.reporters.JUnitReportReporter -->
<testsuite hostname="LAPTOP-CPR5AGU7" failures="0" tests="4" name="api.test.UserTests" time="12.784" errors="0" timestamp="2025-03-02T17:27:27 IST" skipped="0">
  <testcase classname="api.test.UserTests" name="testPostUser" time="5.482"/>
  <testcase classname="api.test.UserTests" name="testGetUserbyName" time="1.948"/>
  <testcase classname="api.test.UserTests" name="testUpdateUser" time="3.593"/>
  <testcase classname="api.test.UserTests" name="testDeleteUser" time="1.761"/>
</testsuite> <!-- api.test.UserTests -->
